
/home/knoxville/koragh/packages/kbasegit/search/kbasesearchservice/app.js:16
var privateKey = fs.readFileSync(CONFIG.system.key).toString();
                                       ^
TypeError: Cannot read property 'system' of undefined
    at Object.<anonymous> (/home/knoxville/koragh/packages/kbasegit/search/kbasesearchservice/app.js:16:40)
    at Module._compile (module.js:449:26)
    at Object.Module._extensions..js (module.js:467:10)
    at Module.load (module.js:356:32)
    at Function.Module._load (module.js:312:12)
    at Module.runMain (module.js:492:10)
    at process.startup.processNextTick.process._tickCallback (node.js:244:9)
Forever detected script exited with code: 1
Forever restarting script for 1 time

/home/knoxville/koragh/packages/kbasegit/search/kbasesearchservice/app.js:16
var privateKey = fs.readFileSync(CONFIG.system.key).toString();
                                       ^
TypeError: Cannot read property 'system' of undefined
    at Object.<anonymous> (/home/knoxville/koragh/packages/kbasegit/search/kbasesearchservice/app.js:16:40)
    at Module._compile (module.js:449:26)
    at Object.Module._extensions..js (module.js:467:10)
    at Module.load (module.js:356:32)
    at Function.Module._load (module.js:312:12)
    at Module.runMain (module.js:492:10)
    at process.startup.processNextTick.process._tickCallback (node.js:244:9)
Forever detected script exited with code: 1
Forever restarting script for 2 time

/home/knoxville/koragh/packages/kbasegit/search/kbasesearchservice/app.js:16
var privateKey = fs.readFileSync(CONFIG.system.key).toString();
                                       ^
TypeError: Cannot read property 'system' of undefined
    at Object.<anonymous> (/home/knoxville/koragh/packages/kbasegit/search/kbasesearchservice/app.js:16:40)
    at Module._compile (module.js:449:26)
    at Object.Module._extensions..js (module.js:467:10)
    at Module.load (module.js:356:32)
    at Function.Module._load (module.js:312:12)
    at Module.runMain (module.js:492:10)
    at process.startup.processNextTick.process._tickCallback (node.js:244:9)
Forever detected script exited with code: 1
Forever restarting script for 3 time

/home/knoxville/koragh/packages/kbasegit/search/kbasesearchservice/app.js:16
var privateKey = fs.readFileSync(CONFIG.system.key).toString();
                                       ^
TypeError: Cannot read property 'system' of undefined
    at Object.<anonymous> (/home/knoxville/koragh/packages/kbasegit/search/kbasesearchservice/app.js:16:40)
    at Module._compile (module.js:449:26)
    at Object.Module._extensions..js (module.js:467:10)
    at Module.load (module.js:356:32)
    at Function.Module._load (module.js:312:12)
    at Module.runMain (module.js:492:10)
    at process.startup.processNextTick.process._tickCallback (node.js:244:9)
Forever detected script exited with code: 1
Forever restarting script for 4 time

/home/knoxville/koragh/packages/kbasegit/search/kbasesearchservice/app.js:16
var privateKey = fs.readFileSync(CONFIG.system.key).toString();
                                       ^
TypeError: Cannot read property 'system' of undefined
    at Object.<anonymous> (/home/knoxville/koragh/packages/kbasegit/search/kbasesearchservice/app.js:16:40)
    at Module._compile (module.js:449:26)
    at Object.Module._extensions..js (module.js:467:10)
    at Module.load (module.js:356:32)
    at Function.Module._load (module.js:312:12)
    at Module.runMain (module.js:492:10)
    at process.startup.processNextTick.process._tickCallback (node.js:244:9)
Forever detected script exited with code: 1
Forever restarting script for 5 time

/home/knoxville/koragh/packages/kbasegit/search/kbasesearchservice/app.js:16
var privateKey = fs.readFileSync(CONFIG.system.key).toString();
                                       ^
TypeError: Cannot read property 'system' of undefined
    at Object.<anonymous> (/home/knoxville/koragh/packages/kbasegit/search/kbasesearchservice/app.js:16:40)
    at Module._compile (module.js:449:26)
    at Object.Module._extensions..js (module.js:467:10)
    at Module.load (module.js:356:32)
    at Function.Module._load (module.js:312:12)
    at Module.runMain (module.js:492:10)
    at process.startup.processNextTick.process._tickCallback (node.js:244:9)
Forever detected script exited with code: 1
Forever restarting script for 6 time

/home/knoxville/koragh/packages/kbasegit/search/kbasesearchservice/app.js:16
var privateKey = fs.readFileSync(CONFIG.system.key).toString();
                                       ^
TypeError: Cannot read property 'system' of undefined
    at Object.<anonymous> (/home/knoxville/koragh/packages/kbasegit/search/kbasesearchservice/app.js:16:40)
    at Module._compile (module.js:449:26)
    at Object.Module._extensions..js (module.js:467:10)
    at Module.load (module.js:356:32)
    at Function.Module._load (module.js:312:12)
    at Module.runMain (module.js:492:10)
    at process.startup.processNextTick.process._tickCallback (node.js:244:9)
Forever detected script exited with code: 1
Forever restarting script for 7 time

/home/knoxville/koragh/packages/kbasegit/search/kbasesearchservice/app.js:16
var privateKey = fs.readFileSync(CONFIG.system.key).toString();
                                       ^
TypeError: Cannot read property 'system' of undefined
    at Object.<anonymous> (/home/knoxville/koragh/packages/kbasegit/search/kbasesearchservice/app.js:16:40)
    at Module._compile (module.js:449:26)
    at Object.Module._extensions..js (module.js:467:10)
    at Module.load (module.js:356:32)
    at Function.Module._load (module.js:312:12)
    at Module.runMain (module.js:492:10)
    at process.startup.processNextTick.process._tickCallback (node.js:244:9)
Forever detected script exited with code: 1
Forever restarting script for 8 time

/home/knoxville/koragh/packages/kbasegit/search/kbasesearchservice/app.js:16
var privateKey = fs.readFileSync(CONFIG.system.key).toString();
                                       ^
TypeError: Cannot read property 'system' of undefined
    at Object.<anonymous> (/home/knoxville/koragh/packages/kbasegit/search/kbasesearchservice/app.js:16:40)
    at Module._compile (module.js:449:26)
    at Object.Module._extensions..js (module.js:467:10)
    at Module.load (module.js:356:32)
    at Function.Module._load (module.js:312:12)
    at Module.runMain (module.js:492:10)
    at process.startup.processNextTick.process._tickCallback (node.js:244:9)
Forever detected script exited with code: 1
Forever restarting script for 9 time

/home/knoxville/koragh/packages/kbasegit/search/kbasesearchservice/app.js:16
var privateKey = fs.readFileSync(CONFIG.system.key).toString();
                                       ^
TypeError: Cannot read property 'system' of undefined
    at Object.<anonymous> (/home/knoxville/koragh/packages/kbasegit/search/kbasesearchservice/app.js:16:40)
    at Module._compile (module.js:449:26)
    at Object.Module._extensions..js (module.js:467:10)
    at Module.load (module.js:356:32)
    at Function.Module._load (module.js:312:12)
    at Module.runMain (module.js:492:10)
    at process.startup.processNextTick.process._tickCallback (node.js:244:9)
Forever detected script exited with code: 1
Forever restarting script for 10 time

/home/knoxville/koragh/packages/kbasegit/search/kbasesearchservice/app.js:16
var privateKey = fs.readFileSync(CONFIG.system.key).toString();
                                       ^
TypeError: Cannot read property 'system' of undefined
    at Object.<anonymous> (/home/knoxville/koragh/packages/kbasegit/search/kbasesearchservice/app.js:16:40)
    at Module._compile (module.js:449:26)
    at Object.Module._extensions..js (module.js:467:10)
    at Module.load (module.js:356:32)
    at Function.Module._load (module.js:312:12)
    at Module.runMain (module.js:492:10)
    at process.startup.processNextTick.process._tickCallback (node.js:244:9)
Forever detected script exited with code: 1
Forever restarting script for 11 time

/home/knoxville/koragh/packages/kbasegit/search/kbasesearchservice/app.js:16
var privateKey = fs.readFileSync(CONFIG.system.key).toString();
                                       ^
TypeError: Cannot read property 'system' of undefined
    at Object.<anonymous> (/home/knoxville/koragh/packages/kbasegit/search/kbasesearchservice/app.js:16:40)
    at Module._compile (module.js:449:26)
    at Object.Module._extensions..js (module.js:467:10)
    at Module.load (module.js:356:32)
    at Function.Module._load (module.js:312:12)
    at Module.runMain (module.js:492:10)
    at process.startup.processNextTick.process._tickCallback (node.js:244:9)
Forever detected script exited with code: 1
Forever restarting script for 12 time

/home/knoxville/koragh/packages/kbasegit/search/kbasesearchservice/app.js:16
var privateKey = fs.readFileSync(CONFIG.system.key).toString();
                                       ^
TypeError: Cannot read property 'system' of undefined
    at Object.<anonymous> (/home/knoxville/koragh/packages/kbasegit/search/kbasesearchservice/app.js:16:40)
    at Module._compile (module.js:449:26)
    at Object.Module._extensions..js (module.js:467:10)
    at Module.load (module.js:356:32)
    at Function.Module._load (module.js:312:12)
    at Module.runMain (module.js:492:10)
    at process.startup.processNextTick.process._tickCallback (node.js:244:9)
Forever detected script exited with code: 1
Forever restarting script for 13 time

/home/knoxville/koragh/packages/kbasegit/search/kbasesearchservice/app.js:16
var privateKey = fs.readFileSync(CONFIG.system.key).toString();
                                       ^
TypeError: Cannot read property 'system' of undefined
    at Object.<anonymous> (/home/knoxville/koragh/packages/kbasegit/search/kbasesearchservice/app.js:16:40)
    at Module._compile (module.js:449:26)
    at Object.Module._extensions..js (module.js:467:10)
    at Module.load (module.js:356:32)
    at Function.Module._load (module.js:312:12)
    at Module.runMain (module.js:492:10)
    at process.startup.processNextTick.process._tickCallback (node.js:244:9)
Forever detected script exited with code: 1
Forever restarting script for 14 time

/home/knoxville/koragh/packages/kbasegit/search/kbasesearchservice/app.js:16
var privateKey = fs.readFileSync(CONFIG.system.key).toString();
                                       ^
TypeError: Cannot read property 'system' of undefined
    at Object.<anonymous> (/home/knoxville/koragh/packages/kbasegit/search/kbasesearchservice/app.js:16:40)
    at Module._compile (module.js:449:26)
    at Object.Module._extensions..js (module.js:467:10)
    at Module.load (module.js:356:32)
    at Function.Module._load (module.js:312:12)
    at Module.runMain (module.js:492:10)
    at process.startup.processNextTick.process._tickCallback (node.js:244:9)
Forever detected script exited with code: 1
Forever restarting script for 15 time

/home/knoxville/koragh/packages/kbasegit/search/kbasesearchservice/app.js:16
var privateKey = fs.readFileSync(CONFIG.system.key).toString();
                                       ^
TypeError: Cannot read property 'system' of undefined
    at Object.<anonymous> (/home/knoxville/koragh/packages/kbasegit/search/kbasesearchservice/app.js:16:40)
    at Module._compile (module.js:449:26)
    at Object.Module._extensions..js (module.js:467:10)
    at Module.load (module.js:356:32)
    at Function.Module._load (module.js:312:12)
    at Module.runMain (module.js:492:10)
    at process.startup.processNextTick.process._tickCallback (node.js:244:9)
Forever detected script exited with code: 1
Forever restarting script for 16 time

/home/knoxville/koragh/packages/kbasegit/search/kbasesearchservice/app.js:16
var privateKey = fs.readFileSync(CONFIG.system.key).toString();
                                       ^
TypeError: Cannot read property 'system' of undefined
    at Object.<anonymous> (/home/knoxville/koragh/packages/kbasegit/search/kbasesearchservice/app.js:16:40)
    at Module._compile (module.js:449:26)
    at Object.Module._extensions..js (module.js:467:10)
    at Module.load (module.js:356:32)
    at Function.Module._load (module.js:312:12)
    at Module.runMain (module.js:492:10)
    at process.startup.processNextTick.process._tickCallback (node.js:244:9)
Forever detected script exited with code: 1
Forever restarting script for 17 time

/home/knoxville/koragh/packages/kbasegit/search/kbasesearchservice/app.js:16
var privateKey = fs.readFileSync(CONFIG.system.key).toString();
                                       ^
TypeError: Cannot read property 'system' of undefined
    at Object.<anonymous> (/home/knoxville/koragh/packages/kbasegit/search/kbasesearchservice/app.js:16:40)
    at Module._compile (module.js:449:26)
    at Object.Module._extensions..js (module.js:467:10)
    at Module.load (module.js:356:32)
    at Function.Module._load (module.js:312:12)
    at Module.runMain (module.js:492:10)
    at process.startup.processNextTick.process._tickCallback (node.js:244:9)
Forever detected script exited with code: 1
Forever restarting script for 18 time

/home/knoxville/koragh/packages/kbasegit/search/kbasesearchservice/app.js:16
var privateKey = fs.readFileSync(CONFIG.system.key).toString();
                                       ^
TypeError: Cannot read property 'system' of undefined
    at Object.<anonymous> (/home/knoxville/koragh/packages/kbasegit/search/kbasesearchservice/app.js:16:40)
    at Module._compile (module.js:449:26)
    at Object.Module._extensions..js (module.js:467:10)
    at Module.load (module.js:356:32)
    at Function.Module._load (module.js:312:12)
    at Module.runMain (module.js:492:10)
    at process.startup.processNextTick.process._tickCallback (node.js:244:9)
Forever detected script exited with code: 1
Forever restarting script for 19 time

/home/knoxville/koragh/packages/kbasegit/search/kbasesearchservice/app.js:16
var privateKey = fs.readFileSync(CONFIG.system.key).toString();
                                       ^
TypeError: Cannot read property 'system' of undefined
    at Object.<anonymous> (/home/knoxville/koragh/packages/kbasegit/search/kbasesearchservice/app.js:16:40)
    at Module._compile (module.js:449:26)
    at Object.Module._extensions..js (module.js:467:10)
    at Module.load (module.js:356:32)
    at Function.Module._load (module.js:312:12)
    at Module.runMain (module.js:492:10)
    at process.startup.processNextTick.process._tickCallback (node.js:244:9)
Forever detected script exited with code: 1
Forever restarting script for 20 time

/home/knoxville/koragh/packages/kbasegit/search/kbasesearchservice/app.js:16
var privateKey = fs.readFileSync(CONFIG.system.key).toString();
                                       ^
TypeError: Cannot read property 'system' of undefined
    at Object.<anonymous> (/home/knoxville/koragh/packages/kbasegit/search/kbasesearchservice/app.js:16:40)
    at Module._compile (module.js:449:26)
    at Object.Module._extensions..js (module.js:467:10)
    at Module.load (module.js:356:32)
    at Function.Module._load (module.js:312:12)
    at Module.runMain (module.js:492:10)
    at process.startup.processNextTick.process._tickCallback (node.js:244:9)
Forever detected script exited with code: 1
Forever restarting script for 21 time

/home/knoxville/koragh/packages/kbasegit/search/kbasesearchservice/app.js:16
var privateKey = fs.readFileSync(CONFIG.system.key).toString();
                                       ^
TypeError: Cannot read property 'system' of undefined
    at Object.<anonymous> (/home/knoxville/koragh/packages/kbasegit/search/kbasesearchservice/app.js:16:40)
    at Module._compile (module.js:449:26)
    at Object.Module._extensions..js (module.js:467:10)
    at Module.load (module.js:356:32)
    at Function.Module._load (module.js:312:12)
    at Module.runMain (module.js:492:10)
    at process.startup.processNextTick.process._tickCallback (node.js:244:9)
Forever detected script exited with code: 1
Forever restarting script for 22 time

/home/knoxville/koragh/packages/kbasegit/search/kbasesearchservice/app.js:16
var privateKey = fs.readFileSync(CONFIG.system.key).toString();
                                       ^
TypeError: Cannot read property 'system' of undefined
    at Object.<anonymous> (/home/knoxville/koragh/packages/kbasegit/search/kbasesearchservice/app.js:16:40)
    at Module._compile (module.js:449:26)
    at Object.Module._extensions..js (module.js:467:10)
    at Module.load (module.js:356:32)
    at Function.Module._load (module.js:312:12)
    at Module.runMain (module.js:492:10)
    at process.startup.processNextTick.process._tickCallback (node.js:244:9)
Forever detected script exited with code: 1
Forever restarting script for 23 time

/home/knoxville/koragh/packages/kbasegit/search/kbasesearchservice/app.js:16
var privateKey = fs.readFileSync(CONFIG.system.key).toString();
                                       ^
TypeError: Cannot read property 'system' of undefined
    at Object.<anonymous> (/home/knoxville/koragh/packages/kbasegit/search/kbasesearchservice/app.js:16:40)
    at Module._compile (module.js:449:26)
    at Object.Module._extensions..js (module.js:467:10)
    at Module.load (module.js:356:32)
    at Function.Module._load (module.js:312:12)
    at Module.runMain (module.js:492:10)
    at process.startup.processNextTick.process._tickCallback (node.js:244:9)
Forever detected script exited with code: 1
Forever restarting script for 24 time

/home/knoxville/koragh/packages/kbasegit/search/kbasesearchservice/app.js:16
var privateKey = fs.readFileSync(CONFIG.system.key).toString();
                                       ^
TypeError: Cannot read property 'system' of undefined
    at Object.<anonymous> (/home/knoxville/koragh/packages/kbasegit/search/kbasesearchservice/app.js:16:40)
    at Module._compile (module.js:449:26)
    at Object.Module._extensions..js (module.js:467:10)
    at Module.load (module.js:356:32)
    at Function.Module._load (module.js:312:12)
    at Module.runMain (module.js:492:10)
    at process.startup.processNextTick.process._tickCallback (node.js:244:9)
Forever detected script exited with code: 1
Forever restarting script for 25 time

/home/knoxville/koragh/packages/kbasegit/search/kbasesearchservice/app.js:16
var privateKey = fs.readFileSync(CONFIG.system.key).toString();
                                       ^
TypeError: Cannot read property 'system' of undefined
    at Object.<anonymous> (/home/knoxville/koragh/packages/kbasegit/search/kbasesearchservice/app.js:16:40)
    at Module._compile (module.js:449:26)
    at Object.Module._extensions..js (module.js:467:10)
    at Module.load (module.js:356:32)
    at Function.Module._load (module.js:312:12)
    at Module.runMain (module.js:492:10)
    at process.startup.processNextTick.process._tickCallback (node.js:244:9)
Forever detected script exited with code: 1
Forever restarting script for 26 time

/home/knoxville/koragh/packages/kbasegit/search/kbasesearchservice/app.js:16
var privateKey = fs.readFileSync(CONFIG.system.key).toString();
                                       ^
TypeError: Cannot read property 'system' of undefined
    at Object.<anonymous> (/home/knoxville/koragh/packages/kbasegit/search/kbasesearchservice/app.js:16:40)
    at Module._compile (module.js:449:26)
    at Object.Module._extensions..js (module.js:467:10)
    at Module.load (module.js:356:32)
    at Function.Module._load (module.js:312:12)
    at Module.runMain (module.js:492:10)
    at process.startup.processNextTick.process._tickCallback (node.js:244:9)
Forever detected script exited with code: 1
Forever restarting script for 27 time

/home/knoxville/koragh/packages/kbasegit/search/kbasesearchservice/app.js:16
var privateKey = fs.readFileSync(CONFIG.system.key).toString();
                                       ^
TypeError: Cannot read property 'system' of undefined
    at Object.<anonymous> (/home/knoxville/koragh/packages/kbasegit/search/kbasesearchservice/app.js:16:40)
    at Module._compile (module.js:449:26)
    at Object.Module._extensions..js (module.js:467:10)
    at Module.load (module.js:356:32)
    at Function.Module._load (module.js:312:12)
    at Module.runMain (module.js:492:10)
    at process.startup.processNextTick.process._tickCallback (node.js:244:9)
Forever detected script exited with code: 1
Forever restarting script for 28 time

/home/knoxville/koragh/packages/kbasegit/search/kbasesearchservice/app.js:16
var privateKey = fs.readFileSync(CONFIG.system.key).toString();
                                       ^
TypeError: Cannot read property 'system' of undefined
    at Object.<anonymous> (/home/knoxville/koragh/packages/kbasegit/search/kbasesearchservice/app.js:16:40)
    at Module._compile (module.js:449:26)
    at Object.Module._extensions..js (module.js:467:10)
    at Module.load (module.js:356:32)
    at Function.Module._load (module.js:312:12)
    at Module.runMain (module.js:492:10)
    at process.startup.processNextTick.process._tickCallback (node.js:244:9)
Forever detected script exited with code: 1
Forever restarting script for 29 time

/home/knoxville/koragh/packages/kbasegit/search/kbasesearchservice/app.js:16
var privateKey = fs.readFileSync(CONFIG.system.key).toString();
                                       ^
TypeError: Cannot read property 'system' of undefined
    at Object.<anonymous> (/home/knoxville/koragh/packages/kbasegit/search/kbasesearchservice/app.js:16:40)
    at Module._compile (module.js:449:26)
    at Object.Module._extensions..js (module.js:467:10)
    at Module.load (module.js:356:32)
    at Function.Module._load (module.js:312:12)
    at Module.runMain (module.js:492:10)
    at process.startup.processNextTick.process._tickCallback (node.js:244:9)
Forever detected script exited with code: 1
Forever restarting script for 30 time

/home/knoxville/koragh/packages/kbasegit/search/kbasesearchservice/app.js:16
var privateKey = fs.readFileSync(CONFIG.system.key).toString();
                                       ^
TypeError: Cannot read property 'system' of undefined
    at Object.<anonymous> (/home/knoxville/koragh/packages/kbasegit/search/kbasesearchservice/app.js:16:40)
    at Module._compile (module.js:449:26)
    at Object.Module._extensions..js (module.js:467:10)
    at Module.load (module.js:356:32)
    at Function.Module._load (module.js:312:12)
    at Module.runMain (module.js:492:10)
    at process.startup.processNextTick.process._tickCallback (node.js:244:9)
Forever detected script exited with code: 1
Forever restarting script for 31 time

/home/knoxville/koragh/packages/kbasegit/search/kbasesearchservice/app.js:16
var privateKey = fs.readFileSync(CONFIG.system.key).toString();
                                       ^
TypeError: Cannot read property 'system' of undefined
    at Object.<anonymous> (/home/knoxville/koragh/packages/kbasegit/search/kbasesearchservice/app.js:16:40)
    at Module._compile (module.js:449:26)
    at Object.Module._extensions..js (module.js:467:10)
    at Module.load (module.js:356:32)
    at Function.Module._load (module.js:312:12)
    at Module.runMain (module.js:492:10)
    at process.startup.processNextTick.process._tickCallback (node.js:244:9)
Forever detected script exited with code: 1
Forever restarting script for 32 time

/home/knoxville/koragh/packages/kbasegit/search/kbasesearchservice/app.js:16
var privateKey = fs.readFileSync(CONFIG.system.key).toString();
                                       ^
TypeError: Cannot read property 'system' of undefined
    at Object.<anonymous> (/home/knoxville/koragh/packages/kbasegit/search/kbasesearchservice/app.js:16:40)
    at Module._compile (module.js:449:26)
    at Object.Module._extensions..js (module.js:467:10)
    at Module.load (module.js:356:32)
    at Function.Module._load (module.js:312:12)
    at Module.runMain (module.js:492:10)
    at process.startup.processNextTick.process._tickCallback (node.js:244:9)
Forever detected script exited with code: 1
Forever restarting script for 33 time

/home/knoxville/koragh/packages/kbasegit/search/kbasesearchservice/app.js:16
var privateKey = fs.readFileSync(CONFIG.system.key).toString();
                                       ^
TypeError: Cannot read property 'system' of undefined
    at Object.<anonymous> (/home/knoxville/koragh/packages/kbasegit/search/kbasesearchservice/app.js:16:40)
    at Module._compile (module.js:449:26)
    at Object.Module._extensions..js (module.js:467:10)
    at Module.load (module.js:356:32)
    at Function.Module._load (module.js:312:12)
    at Module.runMain (module.js:492:10)
    at process.startup.processNextTick.process._tickCallback (node.js:244:9)
Forever detected script exited with code: 1
Forever restarting script for 34 time

/home/knoxville/koragh/packages/kbasegit/search/kbasesearchservice/app.js:16
var privateKey = fs.readFileSync(CONFIG.system.key).toString();
                                       ^
TypeError: Cannot read property 'system' of undefined
    at Object.<anonymous> (/home/knoxville/koragh/packages/kbasegit/search/kbasesearchservice/app.js:16:40)
    at Module._compile (module.js:449:26)
    at Object.Module._extensions..js (module.js:467:10)
    at Module.load (module.js:356:32)
    at Function.Module._load (module.js:312:12)
    at Module.runMain (module.js:492:10)
    at process.startup.processNextTick.process._tickCallback (node.js:244:9)
Forever detected script exited with code: 1
Forever restarting script for 35 time

/home/knoxville/koragh/packages/kbasegit/search/kbasesearchservice/app.js:16
var privateKey = fs.readFileSync(CONFIG.system.key).toString();
                                       ^
TypeError: Cannot read property 'system' of undefined
    at Object.<anonymous> (/home/knoxville/koragh/packages/kbasegit/search/kbasesearchservice/app.js:16:40)
    at Module._compile (module.js:449:26)
    at Object.Module._extensions..js (module.js:467:10)
    at Module.load (module.js:356:32)
    at Function.Module._load (module.js:312:12)
    at Module.runMain (module.js:492:10)
    at process.startup.processNextTick.process._tickCallback (node.js:244:9)
Forever detected script exited with code: 1
Forever restarting script for 36 time

/home/knoxville/koragh/packages/kbasegit/search/kbasesearchservice/app.js:16
var privateKey = fs.readFileSync(CONFIG.system.key).toString();
                                       ^
TypeError: Cannot read property 'system' of undefined
    at Object.<anonymous> (/home/knoxville/koragh/packages/kbasegit/search/kbasesearchservice/app.js:16:40)
    at Module._compile (module.js:449:26)
    at Object.Module._extensions..js (module.js:467:10)
    at Module.load (module.js:356:32)
    at Function.Module._load (module.js:312:12)
    at Module.runMain (module.js:492:10)
    at process.startup.processNextTick.process._tickCallback (node.js:244:9)
Forever detected script exited with code: 1
Forever restarting script for 37 time

/home/knoxville/koragh/packages/kbasegit/search/kbasesearchservice/app.js:16
var privateKey = fs.readFileSync(CONFIG.system.key).toString();
                                       ^
TypeError: Cannot read property 'system' of undefined
    at Object.<anonymous> (/home/knoxville/koragh/packages/kbasegit/search/kbasesearchservice/app.js:16:40)
    at Module._compile (module.js:449:26)
    at Object.Module._extensions..js (module.js:467:10)
    at Module.load (module.js:356:32)
    at Function.Module._load (module.js:312:12)
    at Module.runMain (module.js:492:10)
    at process.startup.processNextTick.process._tickCallback (node.js:244:9)
Forever detected script exited with code: 1
Forever restarting script for 38 time

/home/knoxville/koragh/packages/kbasegit/search/kbasesearchservice/app.js:16
var privateKey = fs.readFileSync(CONFIG.system.key).toString();
                                       ^
TypeError: Cannot read property 'system' of undefined
    at Object.<anonymous> (/home/knoxville/koragh/packages/kbasegit/search/kbasesearchservice/app.js:16:40)
    at Module._compile (module.js:449:26)
    at Object.Module._extensions..js (module.js:467:10)
    at Module.load (module.js:356:32)
    at Function.Module._load (module.js:312:12)
    at Module.runMain (module.js:492:10)
    at process.startup.processNextTick.process._tickCallback (node.js:244:9)
Forever detected script exited with code: 1
Forever restarting script for 39 time

/home/knoxville/koragh/packages/kbasegit/search/kbasesearchservice/app.js:16
var privateKey = fs.readFileSync(CONFIG.system.key).toString();
                                       ^
TypeError: Cannot read property 'system' of undefined
    at Object.<anonymous> (/home/knoxville/koragh/packages/kbasegit/search/kbasesearchservice/app.js:16:40)
    at Module._compile (module.js:449:26)
    at Object.Module._extensions..js (module.js:467:10)
    at Module.load (module.js:356:32)
    at Function.Module._load (module.js:312:12)
    at Module.runMain (module.js:492:10)
    at process.startup.processNextTick.process._tickCallback (node.js:244:9)
Forever detected script exited with code: 1
Forever restarting script for 40 time

/home/knoxville/koragh/packages/kbasegit/search/kbasesearchservice/app.js:16
var privateKey = fs.readFileSync(CONFIG.system.key).toString();
                                       ^
TypeError: Cannot read property 'system' of undefined
    at Object.<anonymous> (/home/knoxville/koragh/packages/kbasegit/search/kbasesearchservice/app.js:16:40)
    at Module._compile (module.js:449:26)
    at Object.Module._extensions..js (module.js:467:10)
    at Module.load (module.js:356:32)
    at Function.Module._load (module.js:312:12)
    at Module.runMain (module.js:492:10)
    at process.startup.processNextTick.process._tickCallback (node.js:244:9)
Forever detected script exited with code: 1
Forever restarting script for 41 time

/home/knoxville/koragh/packages/kbasegit/search/kbasesearchservice/app.js:16
var privateKey = fs.readFileSync(CONFIG.system.key).toString();
                                       ^
TypeError: Cannot read property 'system' of undefined
    at Object.<anonymous> (/home/knoxville/koragh/packages/kbasegit/search/kbasesearchservice/app.js:16:40)
    at Module._compile (module.js:449:26)
    at Object.Module._extensions..js (module.js:467:10)
    at Module.load (module.js:356:32)
    at Function.Module._load (module.js:312:12)
    at Module.runMain (module.js:492:10)
    at process.startup.processNextTick.process._tickCallback (node.js:244:9)
Forever detected script exited with code: 1
Forever restarting script for 42 time

/home/knoxville/koragh/packages/kbasegit/search/kbasesearchservice/app.js:16
var privateKey = fs.readFileSync(CONFIG.system.key).toString();
                                       ^
TypeError: Cannot read property 'system' of undefined
    at Object.<anonymous> (/home/knoxville/koragh/packages/kbasegit/search/kbasesearchservice/app.js:16:40)
    at Module._compile (module.js:449:26)
    at Object.Module._extensions..js (module.js:467:10)
    at Module.load (module.js:356:32)
    at Function.Module._load (module.js:312:12)
    at Module.runMain (module.js:492:10)
    at process.startup.processNextTick.process._tickCallback (node.js:244:9)
Forever detected script exited with code: 1
Forever restarting script for 43 time

/home/knoxville/koragh/packages/kbasegit/search/kbasesearchservice/app.js:16
var privateKey = fs.readFileSync(CONFIG.system.key).toString();
                                       ^
TypeError: Cannot read property 'system' of undefined
    at Object.<anonymous> (/home/knoxville/koragh/packages/kbasegit/search/kbasesearchservice/app.js:16:40)
    at Module._compile (module.js:449:26)
    at Object.Module._extensions..js (module.js:467:10)
    at Module.load (module.js:356:32)
    at Function.Module._load (module.js:312:12)
    at Module.runMain (module.js:492:10)
    at process.startup.processNextTick.process._tickCallback (node.js:244:9)
Forever detected script exited with code: 1
Forever restarting script for 44 time

/home/knoxville/koragh/packages/kbasegit/search/kbasesearchservice/app.js:16
var privateKey = fs.readFileSync(CONFIG.system.key).toString();
                                       ^
TypeError: Cannot read property 'system' of undefined
    at Object.<anonymous> (/home/knoxville/koragh/packages/kbasegit/search/kbasesearchservice/app.js:16:40)
    at Module._compile (module.js:449:26)
    at Object.Module._extensions..js (module.js:467:10)
    at Module.load (module.js:356:32)
    at Function.Module._load (module.js:312:12)
    at Module.runMain (module.js:492:10)
    at process.startup.processNextTick.process._tickCallback (node.js:244:9)
Forever detected script exited with code: 1
Forever restarting script for 45 time

/home/knoxville/koragh/packages/kbasegit/search/kbasesearchservice/app.js:16
var privateKey = fs.readFileSync(CONFIG.system.key).toString();
                                       ^
TypeError: Cannot read property 'system' of undefined
    at Object.<anonymous> (/home/knoxville/koragh/packages/kbasegit/search/kbasesearchservice/app.js:16:40)
    at Module._compile (module.js:449:26)
    at Object.Module._extensions..js (module.js:467:10)
    at Module.load (module.js:356:32)
    at Function.Module._load (module.js:312:12)
    at Module.runMain (module.js:492:10)
    at process.startup.processNextTick.process._tickCallback (node.js:244:9)
Forever detected script exited with code: 1
Forever restarting script for 46 time

/home/knoxville/koragh/packages/kbasegit/search/kbasesearchservice/app.js:16
var privateKey = fs.readFileSync(CONFIG.system.key).toString();
                                       ^
TypeError: Cannot read property 'system' of undefined
    at Object.<anonymous> (/home/knoxville/koragh/packages/kbasegit/search/kbasesearchservice/app.js:16:40)
    at Module._compile (module.js:449:26)
    at Object.Module._extensions..js (module.js:467:10)
    at Module.load (module.js:356:32)
    at Function.Module._load (module.js:312:12)
    at Module.runMain (module.js:492:10)
    at process.startup.processNextTick.process._tickCallback (node.js:244:9)
Forever detected script exited with code: 1
Forever restarting script for 47 time

/home/knoxville/koragh/packages/kbasegit/search/kbasesearchservice/app.js:16
var privateKey = fs.readFileSync(CONFIG.system.key).toString();
                                       ^
TypeError: Cannot read property 'system' of undefined
    at Object.<anonymous> (/home/knoxville/koragh/packages/kbasegit/search/kbasesearchservice/app.js:16:40)
    at Module._compile (module.js:449:26)
    at Object.Module._extensions..js (module.js:467:10)
    at Module.load (module.js:356:32)
    at Function.Module._load (module.js:312:12)
    at Module.runMain (module.js:492:10)
    at process.startup.processNextTick.process._tickCallback (node.js:244:9)
Forever detected script exited with code: 1
Forever restarting script for 48 time

/home/knoxville/koragh/packages/kbasegit/search/kbasesearchservice/app.js:16
var privateKey = fs.readFileSync(CONFIG.system.key).toString();
                                       ^
TypeError: Cannot read property 'system' of undefined
    at Object.<anonymous> (/home/knoxville/koragh/packages/kbasegit/search/kbasesearchservice/app.js:16:40)
    at Module._compile (module.js:449:26)
    at Object.Module._extensions..js (module.js:467:10)
    at Module.load (module.js:356:32)
    at Function.Module._load (module.js:312:12)
    at Module.runMain (module.js:492:10)
    at process.startup.processNextTick.process._tickCallback (node.js:244:9)
Forever detected script exited with code: 1
Forever restarting script for 49 time

/home/knoxville/koragh/packages/kbasegit/search/kbasesearchservice/app.js:16
var privateKey = fs.readFileSync(CONFIG.system.key).toString();
                                       ^
TypeError: Cannot read property 'system' of undefined
    at Object.<anonymous> (/home/knoxville/koragh/packages/kbasegit/search/kbasesearchservice/app.js:16:40)
    at Module._compile (module.js:449:26)
    at Object.Module._extensions..js (module.js:467:10)
    at Module.load (module.js:356:32)
    at Function.Module._load (module.js:312:12)
    at Module.runMain (module.js:492:10)
    at process.startup.processNextTick.process._tickCallback (node.js:244:9)
Forever detected script exited with code: 1
Forever restarting script for 50 time

/home/knoxville/koragh/packages/kbasegit/search/kbasesearchservice/app.js:16
var privateKey = fs.readFileSync(CONFIG.system.key).toString();
                                       ^
TypeError: Cannot read property 'system' of undefined
    at Object.<anonymous> (/home/knoxville/koragh/packages/kbasegit/search/kbasesearchservice/app.js:16:40)
    at Module._compile (module.js:449:26)
    at Object.Module._extensions..js (module.js:467:10)
    at Module.load (module.js:356:32)
    at Function.Module._load (module.js:312:12)
    at Module.runMain (module.js:492:10)
    at process.startup.processNextTick.process._tickCallback (node.js:244:9)
Forever detected script exited with code: 1
Forever restarting script for 51 time

/home/knoxville/koragh/packages/kbasegit/search/kbasesearchservice/app.js:16
var privateKey = fs.readFileSync(CONFIG.system.key).toString();
                                       ^
TypeError: Cannot read property 'system' of undefined
    at Object.<anonymous> (/home/knoxville/koragh/packages/kbasegit/search/kbasesearchservice/app.js:16:40)
    at Module._compile (module.js:449:26)
    at Object.Module._extensions..js (module.js:467:10)
    at Module.load (module.js:356:32)
    at Function.Module._load (module.js:312:12)
    at Module.runMain (module.js:492:10)
    at process.startup.processNextTick.process._tickCallback (node.js:244:9)
Forever detected script exited with code: 1
Forever restarting script for 52 time

/home/knoxville/koragh/packages/kbasegit/search/kbasesearchservice/app.js:16
var privateKey = fs.readFileSync(CONFIG.system.key).toString();
                                       ^
TypeError: Cannot read property 'system' of undefined
    at Object.<anonymous> (/home/knoxville/koragh/packages/kbasegit/search/kbasesearchservice/app.js:16:40)
    at Module._compile (module.js:449:26)
    at Object.Module._extensions..js (module.js:467:10)
    at Module.load (module.js:356:32)
    at Function.Module._load (module.js:312:12)
    at Module.runMain (module.js:492:10)
    at process.startup.processNextTick.process._tickCallback (node.js:244:9)
Forever detected script exited with code: 1
Forever restarting script for 53 time

/home/knoxville/koragh/packages/kbasegit/search/kbasesearchservice/app.js:16
var privateKey = fs.readFileSync(CONFIG.system.key).toString();
                                       ^
TypeError: Cannot read property 'system' of undefined
    at Object.<anonymous> (/home/knoxville/koragh/packages/kbasegit/search/kbasesearchservice/app.js:16:40)
    at Module._compile (module.js:449:26)
    at Object.Module._extensions..js (module.js:467:10)
    at Module.load (module.js:356:32)
    at Function.Module._load (module.js:312:12)
    at Module.runMain (module.js:492:10)
    at process.startup.processNextTick.process._tickCallback (node.js:244:9)
Forever detected script exited with code: 1
Forever restarting script for 54 time

/home/knoxville/koragh/packages/kbasegit/search/kbasesearchservice/app.js:16
var privateKey = fs.readFileSync(CONFIG.system.key).toString();
                                       ^
TypeError: Cannot read property 'system' of undefined
    at Object.<anonymous> (/home/knoxville/koragh/packages/kbasegit/search/kbasesearchservice/app.js:16:40)
    at Module._compile (module.js:449:26)
    at Object.Module._extensions..js (module.js:467:10)
    at Module.load (module.js:356:32)
    at Function.Module._load (module.js:312:12)
    at Module.runMain (module.js:492:10)
    at process.startup.processNextTick.process._tickCallback (node.js:244:9)
Forever detected script exited with code: 1
Forever restarting script for 55 time

/home/knoxville/koragh/packages/kbasegit/search/kbasesearchservice/app.js:16
var privateKey = fs.readFileSync(CONFIG.system.key).toString();
                                       ^
TypeError: Cannot read property 'system' of undefined
    at Object.<anonymous> (/home/knoxville/koragh/packages/kbasegit/search/kbasesearchservice/app.js:16:40)
    at Module._compile (module.js:449:26)
    at Object.Module._extensions..js (module.js:467:10)
    at Module.load (module.js:356:32)
    at Function.Module._load (module.js:312:12)
    at Module.runMain (module.js:492:10)
    at process.startup.processNextTick.process._tickCallback (node.js:244:9)
Forever detected script exited with code: 1
Forever restarting script for 56 time

/home/knoxville/koragh/packages/kbasegit/search/kbasesearchservice/app.js:16
var privateKey = fs.readFileSync(CONFIG.system.key).toString();
                                       ^
TypeError: Cannot read property 'system' of undefined
    at Object.<anonymous> (/home/knoxville/koragh/packages/kbasegit/search/kbasesearchservice/app.js:16:40)
    at Module._compile (module.js:449:26)
    at Object.Module._extensions..js (module.js:467:10)
    at Module.load (module.js:356:32)
    at Function.Module._load (module.js:312:12)
    at Module.runMain (module.js:492:10)
    at process.startup.processNextTick.process._tickCallback (node.js:244:9)
Forever detected script exited with code: 1
Forever restarting script for 57 time

/home/knoxville/koragh/packages/kbasegit/search/kbasesearchservice/app.js:16
var privateKey = fs.readFileSync(CONFIG.system.key).toString();
                                       ^
TypeError: Cannot read property 'system' of undefined
    at Object.<anonymous> (/home/knoxville/koragh/packages/kbasegit/search/kbasesearchservice/app.js:16:40)
    at Module._compile (module.js:449:26)
    at Object.Module._extensions..js (module.js:467:10)
    at Module.load (module.js:356:32)
    at Function.Module._load (module.js:312:12)
    at Module.runMain (module.js:492:10)
    at process.startup.processNextTick.process._tickCallback (node.js:244:9)
Forever detected script exited with code: 1
Forever restarting script for 58 time

/home/knoxville/koragh/packages/kbasegit/search/kbasesearchservice/app.js:16
var privateKey = fs.readFileSync(CONFIG.system.key).toString();
                                       ^
TypeError: Cannot read property 'system' of undefined
    at Object.<anonymous> (/home/knoxville/koragh/packages/kbasegit/search/kbasesearchservice/app.js:16:40)
    at Module._compile (module.js:449:26)
    at Object.Module._extensions..js (module.js:467:10)
    at Module.load (module.js:356:32)
    at Function.Module._load (module.js:312:12)
    at Module.runMain (module.js:492:10)
    at process.startup.processNextTick.process._tickCallback (node.js:244:9)
Forever detected script exited with code: 1
Forever restarting script for 59 time

/home/knoxville/koragh/packages/kbasegit/search/kbasesearchservice/app.js:16
var privateKey = fs.readFileSync(CONFIG.system.key).toString();
                                       ^
TypeError: Cannot read property 'system' of undefined
    at Object.<anonymous> (/home/knoxville/koragh/packages/kbasegit/search/kbasesearchservice/app.js:16:40)
    at Module._compile (module.js:449:26)
    at Object.Module._extensions..js (module.js:467:10)
    at Module.load (module.js:356:32)
    at Function.Module._load (module.js:312:12)
    at Module.runMain (module.js:492:10)
    at process.startup.processNextTick.process._tickCallback (node.js:244:9)
Forever detected script exited with code: 1
Forever restarting script for 60 time

/home/knoxville/koragh/packages/kbasegit/search/kbasesearchservice/app.js:16
var privateKey = fs.readFileSync(CONFIG.system.key).toString();
                                       ^
TypeError: Cannot read property 'system' of undefined
    at Object.<anonymous> (/home/knoxville/koragh/packages/kbasegit/search/kbasesearchservice/app.js:16:40)
    at Module._compile (module.js:449:26)
    at Object.Module._extensions..js (module.js:467:10)
    at Module.load (module.js:356:32)
    at Function.Module._load (module.js:312:12)
    at Module.runMain (module.js:492:10)
    at process.startup.processNextTick.process._tickCallback (node.js:244:9)
Forever detected script exited with code: 1
Forever restarting script for 61 time

/home/knoxville/koragh/packages/kbasegit/search/kbasesearchservice/app.js:16
var privateKey = fs.readFileSync(CONFIG.system.key).toString();
                                       ^
TypeError: Cannot read property 'system' of undefined
    at Object.<anonymous> (/home/knoxville/koragh/packages/kbasegit/search/kbasesearchservice/app.js:16:40)
    at Module._compile (module.js:449:26)
    at Object.Module._extensions..js (module.js:467:10)
    at Module.load (module.js:356:32)
    at Function.Module._load (module.js:312:12)
    at Module.runMain (module.js:492:10)
    at process.startup.processNextTick.process._tickCallback (node.js:244:9)
Forever detected script exited with code: 1
Forever restarting script for 62 time

/home/knoxville/koragh/packages/kbasegit/search/kbasesearchservice/app.js:16
var privateKey = fs.readFileSync(CONFIG.system.key).toString();
                                       ^
TypeError: Cannot read property 'system' of undefined
    at Object.<anonymous> (/home/knoxville/koragh/packages/kbasegit/search/kbasesearchservice/app.js:16:40)
    at Module._compile (module.js:449:26)
    at Object.Module._extensions..js (module.js:467:10)
    at Module.load (module.js:356:32)
    at Function.Module._load (module.js:312:12)
    at Module.runMain (module.js:492:10)
    at process.startup.processNextTick.process._tickCallback (node.js:244:9)
Forever detected script exited with code: 1
Forever restarting script for 63 time

/home/knoxville/koragh/packages/kbasegit/search/kbasesearchservice/app.js:16
var privateKey = fs.readFileSync(CONFIG.system.key).toString();
                                       ^
TypeError: Cannot read property 'system' of undefined
    at Object.<anonymous> (/home/knoxville/koragh/packages/kbasegit/search/kbasesearchservice/app.js:16:40)
    at Module._compile (module.js:449:26)
    at Object.Module._extensions..js (module.js:467:10)
    at Module.load (module.js:356:32)
    at Function.Module._load (module.js:312:12)
    at Module.runMain (module.js:492:10)
    at process.startup.processNextTick.process._tickCallback (node.js:244:9)
Forever detected script exited with code: 1
Forever restarting script for 64 time

/home/knoxville/koragh/packages/kbasegit/search/kbasesearchservice/app.js:16
var privateKey = fs.readFileSync(CONFIG.system.key).toString();
                                       ^
TypeError: Cannot read property 'system' of undefined
    at Object.<anonymous> (/home/knoxville/koragh/packages/kbasegit/search/kbasesearchservice/app.js:16:40)
    at Module._compile (module.js:449:26)
    at Object.Module._extensions..js (module.js:467:10)
    at Module.load (module.js:356:32)
    at Function.Module._load (module.js:312:12)
    at Module.runMain (module.js:492:10)
    at process.startup.processNextTick.process._tickCallback (node.js:244:9)
Forever detected script exited with code: 1
Forever restarting script for 65 time

/home/knoxville/koragh/packages/kbasegit/search/kbasesearchservice/app.js:16
var privateKey = fs.readFileSync(CONFIG.system.key).toString();
                                       ^
TypeError: Cannot read property 'system' of undefined
    at Object.<anonymous> (/home/knoxville/koragh/packages/kbasegit/search/kbasesearchservice/app.js:16:40)
    at Module._compile (module.js:449:26)
    at Object.Module._extensions..js (module.js:467:10)
    at Module.load (module.js:356:32)
    at Function.Module._load (module.js:312:12)
    at Module.runMain (module.js:492:10)
    at process.startup.processNextTick.process._tickCallback (node.js:244:9)
Forever detected script exited with code: 1
Forever restarting script for 66 time

/home/knoxville/koragh/packages/kbasegit/search/kbasesearchservice/app.js:16
var privateKey = fs.readFileSync(CONFIG.system.key).toString();
                                       ^
TypeError: Cannot read property 'system' of undefined
    at Object.<anonymous> (/home/knoxville/koragh/packages/kbasegit/search/kbasesearchservice/app.js:16:40)
    at Module._compile (module.js:449:26)
    at Object.Module._extensions..js (module.js:467:10)
    at Module.load (module.js:356:32)
    at Function.Module._load (module.js:312:12)
    at Module.runMain (module.js:492:10)
    at process.startup.processNextTick.process._tickCallback (node.js:244:9)
Forever detected script exited with code: 1
Forever restarting script for 67 time

/home/knoxville/koragh/packages/kbasegit/search/kbasesearchservice/app.js:16
var privateKey = fs.readFileSync(CONFIG.system.key).toString();
                                       ^
TypeError: Cannot read property 'system' of undefined
    at Object.<anonymous> (/home/knoxville/koragh/packages/kbasegit/search/kbasesearchservice/app.js:16:40)
    at Module._compile (module.js:449:26)
    at Object.Module._extensions..js (module.js:467:10)
    at Module.load (module.js:356:32)
    at Function.Module._load (module.js:312:12)
    at Module.runMain (module.js:492:10)
    at process.startup.processNextTick.process._tickCallback (node.js:244:9)
Forever detected script exited with code: 1
Forever restarting script for 68 time

/home/knoxville/koragh/packages/kbasegit/search/kbasesearchservice/app.js:16
var privateKey = fs.readFileSync(CONFIG.system.key).toString();
                                       ^
TypeError: Cannot read property 'system' of undefined
    at Object.<anonymous> (/home/knoxville/koragh/packages/kbasegit/search/kbasesearchservice/app.js:16:40)
    at Module._compile (module.js:449:26)
    at Object.Module._extensions..js (module.js:467:10)
    at Module.load (module.js:356:32)
    at Function.Module._load (module.js:312:12)
    at Module.runMain (module.js:492:10)
    at process.startup.processNextTick.process._tickCallback (node.js:244:9)
Forever detected script exited with code: 1
Forever restarting script for 69 time

/home/knoxville/koragh/packages/kbasegit/search/kbasesearchservice/app.js:16
var privateKey = fs.readFileSync(CONFIG.system.key).toString();
                                       ^
TypeError: Cannot read property 'system' of undefined
    at Object.<anonymous> (/home/knoxville/koragh/packages/kbasegit/search/kbasesearchservice/app.js:16:40)
    at Module._compile (module.js:449:26)
    at Object.Module._extensions..js (module.js:467:10)
    at Module.load (module.js:356:32)
    at Function.Module._load (module.js:312:12)
    at Module.runMain (module.js:492:10)
    at process.startup.processNextTick.process._tickCallback (node.js:244:9)
Forever detected script exited with code: 1
Forever restarting script for 70 time

/home/knoxville/koragh/packages/kbasegit/search/kbasesearchservice/app.js:16
var privateKey = fs.readFileSync(CONFIG.system.key).toString();
                                       ^
TypeError: Cannot read property 'system' of undefined
    at Object.<anonymous> (/home/knoxville/koragh/packages/kbasegit/search/kbasesearchservice/app.js:16:40)
    at Module._compile (module.js:449:26)
    at Object.Module._extensions..js (module.js:467:10)
    at Module.load (module.js:356:32)
    at Function.Module._load (module.js:312:12)
    at Module.runMain (module.js:492:10)
    at process.startup.processNextTick.process._tickCallback (node.js:244:9)
Forever detected script exited with code: 1
Forever restarting script for 71 time

/home/knoxville/koragh/packages/kbasegit/search/kbasesearchservice/app.js:16
var privateKey = fs.readFileSync(CONFIG.system.key).toString();
                                       ^
TypeError: Cannot read property 'system' of undefined
    at Object.<anonymous> (/home/knoxville/koragh/packages/kbasegit/search/kbasesearchservice/app.js:16:40)
    at Module._compile (module.js:449:26)
    at Object.Module._extensions..js (module.js:467:10)
    at Module.load (module.js:356:32)
    at Function.Module._load (module.js:312:12)
    at Module.runMain (module.js:492:10)
    at process.startup.processNextTick.process._tickCallback (node.js:244:9)
Forever detected script exited with code: 1
Forever restarting script for 72 time

/home/knoxville/koragh/packages/kbasegit/search/kbasesearchservice/app.js:16
var privateKey = fs.readFileSync(CONFIG.system.key).toString();
                                       ^
TypeError: Cannot read property 'system' of undefined
    at Object.<anonymous> (/home/knoxville/koragh/packages/kbasegit/search/kbasesearchservice/app.js:16:40)
    at Module._compile (module.js:449:26)
    at Object.Module._extensions..js (module.js:467:10)
    at Module.load (module.js:356:32)
    at Function.Module._load (module.js:312:12)
    at Module.runMain (module.js:492:10)
    at process.startup.processNextTick.process._tickCallback (node.js:244:9)
Forever detected script exited with code: 1
Forever restarting script for 73 time

/home/knoxville/koragh/packages/kbasegit/search/kbasesearchservice/app.js:16
var privateKey = fs.readFileSync(CONFIG.system.key).toString();
                                       ^
TypeError: Cannot read property 'system' of undefined
    at Object.<anonymous> (/home/knoxville/koragh/packages/kbasegit/search/kbasesearchservice/app.js:16:40)
    at Module._compile (module.js:449:26)
    at Object.Module._extensions..js (module.js:467:10)
    at Module.load (module.js:356:32)
    at Function.Module._load (module.js:312:12)
    at Module.runMain (module.js:492:10)
    at process.startup.processNextTick.process._tickCallback (node.js:244:9)
Forever detected script exited with code: 1
Forever restarting script for 74 time

/home/knoxville/koragh/packages/kbasegit/search/kbasesearchservice/app.js:16
var privateKey = fs.readFileSync(CONFIG.system.key).toString();
                                       ^
TypeError: Cannot read property 'system' of undefined
    at Object.<anonymous> (/home/knoxville/koragh/packages/kbasegit/search/kbasesearchservice/app.js:16:40)
    at Module._compile (module.js:449:26)
    at Object.Module._extensions..js (module.js:467:10)
    at Module.load (module.js:356:32)
    at Function.Module._load (module.js:312:12)
    at Module.runMain (module.js:492:10)
    at process.startup.processNextTick.process._tickCallback (node.js:244:9)
Forever detected script exited with code: 1
Forever restarting script for 75 time

/home/knoxville/koragh/packages/kbasegit/search/kbasesearchservice/app.js:16
var privateKey = fs.readFileSync(CONFIG.system.key).toString();
                                       ^
TypeError: Cannot read property 'system' of undefined
    at Object.<anonymous> (/home/knoxville/koragh/packages/kbasegit/search/kbasesearchservice/app.js:16:40)
    at Module._compile (module.js:449:26)
    at Object.Module._extensions..js (module.js:467:10)
    at Module.load (module.js:356:32)
    at Function.Module._load (module.js:312:12)
    at Module.runMain (module.js:492:10)
    at process.startup.processNextTick.process._tickCallback (node.js:244:9)
Forever detected script exited with code: 1
Forever restarting script for 76 time

/home/knoxville/koragh/packages/kbasegit/search/kbasesearchservice/app.js:16
var privateKey = fs.readFileSync(CONFIG.system.key).toString();
                                       ^
TypeError: Cannot read property 'system' of undefined
    at Object.<anonymous> (/home/knoxville/koragh/packages/kbasegit/search/kbasesearchservice/app.js:16:40)
    at Module._compile (module.js:449:26)
    at Object.Module._extensions..js (module.js:467:10)
    at Module.load (module.js:356:32)
    at Function.Module._load (module.js:312:12)
    at Module.runMain (module.js:492:10)
    at process.startup.processNextTick.process._tickCallback (node.js:244:9)
Forever detected script exited with code: 1
Forever restarting script for 77 time

/home/knoxville/koragh/packages/kbasegit/search/kbasesearchservice/app.js:16
var privateKey = fs.readFileSync(CONFIG.system.key).toString();
                                       ^
TypeError: Cannot read property 'system' of undefined
    at Object.<anonymous> (/home/knoxville/koragh/packages/kbasegit/search/kbasesearchservice/app.js:16:40)
    at Module._compile (module.js:449:26)
    at Object.Module._extensions..js (module.js:467:10)
    at Module.load (module.js:356:32)
    at Function.Module._load (module.js:312:12)
    at Module.runMain (module.js:492:10)
    at process.startup.processNextTick.process._tickCallback (node.js:244:9)
Forever detected script exited with code: 1
Forever restarting script for 78 time

/home/knoxville/koragh/packages/kbasegit/search/kbasesearchservice/app.js:16
var privateKey = fs.readFileSync(CONFIG.system.key).toString();
                                       ^
TypeError: Cannot read property 'system' of undefined
    at Object.<anonymous> (/home/knoxville/koragh/packages/kbasegit/search/kbasesearchservice/app.js:16:40)
    at Module._compile (module.js:449:26)
    at Object.Module._extensions..js (module.js:467:10)
    at Module.load (module.js:356:32)
    at Function.Module._load (module.js:312:12)
    at Module.runMain (module.js:492:10)
    at process.startup.processNextTick.process._tickCallback (node.js:244:9)
Forever detected script exited with code: 1
Forever restarting script for 79 time

/home/knoxville/koragh/packages/kbasegit/search/kbasesearchservice/app.js:16
var privateKey = fs.readFileSync(CONFIG.system.key).toString();
                                       ^
TypeError: Cannot read property 'system' of undefined
    at Object.<anonymous> (/home/knoxville/koragh/packages/kbasegit/search/kbasesearchservice/app.js:16:40)
    at Module._compile (module.js:449:26)
    at Object.Module._extensions..js (module.js:467:10)
    at Module.load (module.js:356:32)
    at Function.Module._load (module.js:312:12)
    at Module.runMain (module.js:492:10)
    at process.startup.processNextTick.process._tickCallback (node.js:244:9)
Forever detected script exited with code: 1
Forever restarting script for 80 time

/home/knoxville/koragh/packages/kbasegit/search/kbasesearchservice/app.js:16
var privateKey = fs.readFileSync(CONFIG.system.key).toString();
                                       ^
TypeError: Cannot read property 'system' of undefined
    at Object.<anonymous> (/home/knoxville/koragh/packages/kbasegit/search/kbasesearchservice/app.js:16:40)
    at Module._compile (module.js:449:26)
    at Object.Module._extensions..js (module.js:467:10)
    at Module.load (module.js:356:32)
    at Function.Module._load (module.js:312:12)
    at Module.runMain (module.js:492:10)
    at process.startup.processNextTick.process._tickCallback (node.js:244:9)
Forever detected script exited with code: 1
Forever restarting script for 81 time

/home/knoxville/koragh/packages/kbasegit/search/kbasesearchservice/app.js:16
var privateKey = fs.readFileSync(CONFIG.system.key).toString();
                                       ^
TypeError: Cannot read property 'system' of undefined
    at Object.<anonymous> (/home/knoxville/koragh/packages/kbasegit/search/kbasesearchservice/app.js:16:40)
    at Module._compile (module.js:449:26)
    at Object.Module._extensions..js (module.js:467:10)
    at Module.load (module.js:356:32)
    at Function.Module._load (module.js:312:12)
    at Module.runMain (module.js:492:10)
    at process.startup.processNextTick.process._tickCallback (node.js:244:9)
Forever detected script exited with code: 1
Forever restarting script for 82 time

/home/knoxville/koragh/packages/kbasegit/search/kbasesearchservice/app.js:16
var privateKey = fs.readFileSync(CONFIG.system.key).toString();
                                       ^
TypeError: Cannot read property 'system' of undefined
    at Object.<anonymous> (/home/knoxville/koragh/packages/kbasegit/search/kbasesearchservice/app.js:16:40)
    at Module._compile (module.js:449:26)
    at Object.Module._extensions..js (module.js:467:10)
    at Module.load (module.js:356:32)
    at Function.Module._load (module.js:312:12)
    at Module.runMain (module.js:492:10)
    at process.startup.processNextTick.process._tickCallback (node.js:244:9)
Forever detected script exited with code: 1
Forever restarting script for 83 time

/home/knoxville/koragh/packages/kbasegit/search/kbasesearchservice/app.js:16
var privateKey = fs.readFileSync(CONFIG.system.key).toString();
                                       ^
TypeError: Cannot read property 'system' of undefined
    at Object.<anonymous> (/home/knoxville/koragh/packages/kbasegit/search/kbasesearchservice/app.js:16:40)
    at Module._compile (module.js:449:26)
    at Object.Module._extensions..js (module.js:467:10)
    at Module.load (module.js:356:32)
    at Function.Module._load (module.js:312:12)
    at Module.runMain (module.js:492:10)
    at process.startup.processNextTick.process._tickCallback (node.js:244:9)
Forever detected script exited with code: 1
Forever restarting script for 84 time

/home/knoxville/koragh/packages/kbasegit/search/kbasesearchservice/app.js:16
var privateKey = fs.readFileSync(CONFIG.system.key).toString();
                                       ^
TypeError: Cannot read property 'system' of undefined
    at Object.<anonymous> (/home/knoxville/koragh/packages/kbasegit/search/kbasesearchservice/app.js:16:40)
    at Module._compile (module.js:449:26)
    at Object.Module._extensions..js (module.js:467:10)
    at Module.load (module.js:356:32)
    at Function.Module._load (module.js:312:12)
    at Module.runMain (module.js:492:10)
    at process.startup.processNextTick.process._tickCallback (node.js:244:9)
Forever detected script exited with code: 1
Forever restarting script for 85 time

/home/knoxville/koragh/packages/kbasegit/search/kbasesearchservice/app.js:16
var privateKey = fs.readFileSync(CONFIG.system.key).toString();
                                       ^
TypeError: Cannot read property 'system' of undefined
    at Object.<anonymous> (/home/knoxville/koragh/packages/kbasegit/search/kbasesearchservice/app.js:16:40)
    at Module._compile (module.js:449:26)
    at Object.Module._extensions..js (module.js:467:10)
    at Module.load (module.js:356:32)
    at Function.Module._load (module.js:312:12)
    at Module.runMain (module.js:492:10)
    at process.startup.processNextTick.process._tickCallback (node.js:244:9)
Forever detected script exited with code: 1
Forever restarting script for 86 time

/home/knoxville/koragh/packages/kbasegit/search/kbasesearchservice/app.js:16
var privateKey = fs.readFileSync(CONFIG.system.key).toString();
                                       ^
TypeError: Cannot read property 'system' of undefined
    at Object.<anonymous> (/home/knoxville/koragh/packages/kbasegit/search/kbasesearchservice/app.js:16:40)
    at Module._compile (module.js:449:26)
    at Object.Module._extensions..js (module.js:467:10)
    at Module.load (module.js:356:32)
    at Function.Module._load (module.js:312:12)
    at Module.runMain (module.js:492:10)
    at process.startup.processNextTick.process._tickCallback (node.js:244:9)
Forever detected script exited with code: 1
Forever restarting script for 87 time

/home/knoxville/koragh/packages/kbasegit/search/kbasesearchservice/app.js:16
var privateKey = fs.readFileSync(CONFIG.system.key).toString();
                                       ^
TypeError: Cannot read property 'system' of undefined
    at Object.<anonymous> (/home/knoxville/koragh/packages/kbasegit/search/kbasesearchservice/app.js:16:40)
    at Module._compile (module.js:449:26)
    at Object.Module._extensions..js (module.js:467:10)
    at Module.load (module.js:356:32)
    at Function.Module._load (module.js:312:12)
    at Module.runMain (module.js:492:10)
    at process.startup.processNextTick.process._tickCallback (node.js:244:9)
Forever detected script exited with code: 1
Forever restarting script for 88 time

/home/knoxville/koragh/packages/kbasegit/search/kbasesearchservice/app.js:16
var privateKey = fs.readFileSync(CONFIG.system.key).toString();
                                       ^
TypeError: Cannot read property 'system' of undefined
    at Object.<anonymous> (/home/knoxville/koragh/packages/kbasegit/search/kbasesearchservice/app.js:16:40)
    at Module._compile (module.js:449:26)
    at Object.Module._extensions..js (module.js:467:10)
    at Module.load (module.js:356:32)
    at Function.Module._load (module.js:312:12)
    at Module.runMain (module.js:492:10)
    at process.startup.processNextTick.process._tickCallback (node.js:244:9)
Forever detected script exited with code: 1
Forever restarting script for 89 time

/home/knoxville/koragh/packages/kbasegit/search/kbasesearchservice/app.js:16
var privateKey = fs.readFileSync(CONFIG.system.key).toString();
                                       ^
TypeError: Cannot read property 'system' of undefined
    at Object.<anonymous> (/home/knoxville/koragh/packages/kbasegit/search/kbasesearchservice/app.js:16:40)
    at Module._compile (module.js:449:26)
    at Object.Module._extensions..js (module.js:467:10)
    at Module.load (module.js:356:32)
    at Function.Module._load (module.js:312:12)
    at Module.runMain (module.js:492:10)
    at process.startup.processNextTick.process._tickCallback (node.js:244:9)
Forever detected script exited with code: 1
Forever restarting script for 90 time

/home/knoxville/koragh/packages/kbasegit/search/kbasesearchservice/app.js:16
var privateKey = fs.readFileSync(CONFIG.system.key).toString();
                                       ^
TypeError: Cannot read property 'system' of undefined
    at Object.<anonymous> (/home/knoxville/koragh/packages/kbasegit/search/kbasesearchservice/app.js:16:40)
    at Module._compile (module.js:449:26)
    at Object.Module._extensions..js (module.js:467:10)
    at Module.load (module.js:356:32)
    at Function.Module._load (module.js:312:12)
    at Module.runMain (module.js:492:10)
    at process.startup.processNextTick.process._tickCallback (node.js:244:9)
Forever detected script exited with code: 1
Forever restarting script for 91 time

/home/knoxville/koragh/packages/kbasegit/search/kbasesearchservice/app.js:16
var privateKey = fs.readFileSync(CONFIG.system.key).toString();
                                       ^
TypeError: Cannot read property 'system' of undefined
    at Object.<anonymous> (/home/knoxville/koragh/packages/kbasegit/search/kbasesearchservice/app.js:16:40)
    at Module._compile (module.js:449:26)
    at Object.Module._extensions..js (module.js:467:10)
    at Module.load (module.js:356:32)
    at Function.Module._load (module.js:312:12)
    at Module.runMain (module.js:492:10)
    at process.startup.processNextTick.process._tickCallback (node.js:244:9)
Forever detected script exited with code: 1
Forever restarting script for 92 time

/home/knoxville/koragh/packages/kbasegit/search/kbasesearchservice/app.js:16
var privateKey = fs.readFileSync(CONFIG.system.key).toString();
                                       ^
TypeError: Cannot read property 'system' of undefined
    at Object.<anonymous> (/home/knoxville/koragh/packages/kbasegit/search/kbasesearchservice/app.js:16:40)
    at Module._compile (module.js:449:26)
    at Object.Module._extensions..js (module.js:467:10)
    at Module.load (module.js:356:32)
    at Function.Module._load (module.js:312:12)
    at Module.runMain (module.js:492:10)
    at process.startup.processNextTick.process._tickCallback (node.js:244:9)
Forever detected script exited with code: 1
Forever restarting script for 93 time

/home/knoxville/koragh/packages/kbasegit/search/kbasesearchservice/app.js:16
var privateKey = fs.readFileSync(CONFIG.system.key).toString();
                                       ^
TypeError: Cannot read property 'system' of undefined
    at Object.<anonymous> (/home/knoxville/koragh/packages/kbasegit/search/kbasesearchservice/app.js:16:40)
    at Module._compile (module.js:449:26)
    at Object.Module._extensions..js (module.js:467:10)
    at Module.load (module.js:356:32)
    at Function.Module._load (module.js:312:12)
    at Module.runMain (module.js:492:10)
    at process.startup.processNextTick.process._tickCallback (node.js:244:9)
Forever detected script exited with code: 1
Forever restarting script for 94 time

/home/knoxville/koragh/packages/kbasegit/search/kbasesearchservice/app.js:16
var privateKey = fs.readFileSync(CONFIG.system.key).toString();
                                       ^
TypeError: Cannot read property 'system' of undefined
    at Object.<anonymous> (/home/knoxville/koragh/packages/kbasegit/search/kbasesearchservice/app.js:16:40)
    at Module._compile (module.js:449:26)
    at Object.Module._extensions..js (module.js:467:10)
    at Module.load (module.js:356:32)
    at Function.Module._load (module.js:312:12)
    at Module.runMain (module.js:492:10)
    at process.startup.processNextTick.process._tickCallback (node.js:244:9)
Forever detected script exited with code: 1
Forever restarting script for 95 time

/home/knoxville/koragh/packages/kbasegit/search/kbasesearchservice/app.js:16
var privateKey = fs.readFileSync(CONFIG.system.key).toString();
                                       ^
TypeError: Cannot read property 'system' of undefined
    at Object.<anonymous> (/home/knoxville/koragh/packages/kbasegit/search/kbasesearchservice/app.js:16:40)
    at Module._compile (module.js:449:26)
    at Object.Module._extensions..js (module.js:467:10)
    at Module.load (module.js:356:32)
    at Function.Module._load (module.js:312:12)
    at Module.runMain (module.js:492:10)
    at process.startup.processNextTick.process._tickCallback (node.js:244:9)
Forever detected script exited with code: 1
Forever restarting script for 96 time

/home/knoxville/koragh/packages/kbasegit/search/kbasesearchservice/app.js:16
var privateKey = fs.readFileSync(CONFIG.system.key).toString();
                                       ^
TypeError: Cannot read property 'system' of undefined
    at Object.<anonymous> (/home/knoxville/koragh/packages/kbasegit/search/kbasesearchservice/app.js:16:40)
    at Module._compile (module.js:449:26)
    at Object.Module._extensions..js (module.js:467:10)
    at Module.load (module.js:356:32)
    at Function.Module._load (module.js:312:12)
    at Module.runMain (module.js:492:10)
    at process.startup.processNextTick.process._tickCallback (node.js:244:9)
Forever detected script exited with code: 1
Forever restarting script for 97 time

/home/knoxville/koragh/packages/kbasegit/search/kbasesearchservice/app.js:16
var privateKey = fs.readFileSync(CONFIG.system.key).toString();
                                       ^
TypeError: Cannot read property 'system' of undefined
    at Object.<anonymous> (/home/knoxville/koragh/packages/kbasegit/search/kbasesearchservice/app.js:16:40)
    at Module._compile (module.js:449:26)
    at Object.Module._extensions..js (module.js:467:10)
    at Module.load (module.js:356:32)
    at Function.Module._load (module.js:312:12)
    at Module.runMain (module.js:492:10)
    at process.startup.processNextTick.process._tickCallback (node.js:244:9)
Forever detected script exited with code: 1
Forever restarting script for 98 time

/home/knoxville/koragh/packages/kbasegit/search/kbasesearchservice/app.js:16
var privateKey = fs.readFileSync(CONFIG.system.key).toString();
                                       ^
TypeError: Cannot read property 'system' of undefined
    at Object.<anonymous> (/home/knoxville/koragh/packages/kbasegit/search/kbasesearchservice/app.js:16:40)
    at Module._compile (module.js:449:26)
    at Object.Module._extensions..js (module.js:467:10)
    at Module.load (module.js:356:32)
    at Function.Module._load (module.js:312:12)
    at Module.runMain (module.js:492:10)
    at process.startup.processNextTick.process._tickCallback (node.js:244:9)
Forever detected script exited with code: 1
Forever restarting script for 99 time

/home/knoxville/koragh/packages/kbasegit/search/kbasesearchservice/app.js:16
var privateKey = fs.readFileSync(CONFIG.system.key).toString();
                                       ^
TypeError: Cannot read property 'system' of undefined
    at Object.<anonymous> (/home/knoxville/koragh/packages/kbasegit/search/kbasesearchservice/app.js:16:40)
    at Module._compile (module.js:449:26)
    at Object.Module._extensions..js (module.js:467:10)
    at Module.load (module.js:356:32)
    at Function.Module._load (module.js:312:12)
    at Module.runMain (module.js:492:10)
    at process.startup.processNextTick.process._tickCallback (node.js:244:9)
Forever detected script exited with code: 1
Forever restarting script for 100 time

/home/knoxville/koragh/packages/kbasegit/search/kbasesearchservice/app.js:16
var privateKey = fs.readFileSync(CONFIG.system.key).toString();
                                       ^
TypeError: Cannot read property 'system' of undefined
    at Object.<anonymous> (/home/knoxville/koragh/packages/kbasegit/search/kbasesearchservice/app.js:16:40)
    at Module._compile (module.js:449:26)
    at Object.Module._extensions..js (module.js:467:10)
    at Module.load (module.js:356:32)
    at Function.Module._load (module.js:312:12)
    at Module.runMain (module.js:492:10)
    at process.startup.processNextTick.process._tickCallback (node.js:244:9)
Forever detected script exited with code: 1
Forever restarting script for 101 time

/home/knoxville/koragh/packages/kbasegit/search/kbasesearchservice/app.js:16
var privateKey = fs.readFileSync(CONFIG.system.key).toString();
                                       ^
TypeError: Cannot read property 'system' of undefined
    at Object.<anonymous> (/home/knoxville/koragh/packages/kbasegit/search/kbasesearchservice/app.js:16:40)
    at Module._compile (module.js:449:26)
    at Object.Module._extensions..js (module.js:467:10)
    at Module.load (module.js:356:32)
    at Function.Module._load (module.js:312:12)
    at Module.runMain (module.js:492:10)
    at process.startup.processNextTick.process._tickCallback (node.js:244:9)
Forever detected script exited with code: 1
Forever restarting script for 102 time

/home/knoxville/koragh/packages/kbasegit/search/kbasesearchservice/app.js:16
var privateKey = fs.readFileSync(CONFIG.system.key).toString();
                                       ^
TypeError: Cannot read property 'system' of undefined
    at Object.<anonymous> (/home/knoxville/koragh/packages/kbasegit/search/kbasesearchservice/app.js:16:40)
    at Module._compile (module.js:449:26)
    at Object.Module._extensions..js (module.js:467:10)
    at Module.load (module.js:356:32)
    at Function.Module._load (module.js:312:12)
    at Module.runMain (module.js:492:10)
    at process.startup.processNextTick.process._tickCallback (node.js:244:9)
Forever detected script exited with code: 1
Forever restarting script for 103 time

/home/knoxville/koragh/packages/kbasegit/search/kbasesearchservice/app.js:16
var privateKey = fs.readFileSync(CONFIG.system.key).toString();
                                       ^
TypeError: Cannot read property 'system' of undefined
    at Object.<anonymous> (/home/knoxville/koragh/packages/kbasegit/search/kbasesearchservice/app.js:16:40)
    at Module._compile (module.js:449:26)
    at Object.Module._extensions..js (module.js:467:10)
    at Module.load (module.js:356:32)
    at Function.Module._load (module.js:312:12)
    at Module.runMain (module.js:492:10)
    at process.startup.processNextTick.process._tickCallback (node.js:244:9)
Forever detected script exited with code: 1
Forever restarting script for 104 time

/home/knoxville/koragh/packages/kbasegit/search/kbasesearchservice/app.js:16
var privateKey = fs.readFileSync(CONFIG.system.key).toString();
                                       ^
TypeError: Cannot read property 'system' of undefined
    at Object.<anonymous> (/home/knoxville/koragh/packages/kbasegit/search/kbasesearchservice/app.js:16:40)
    at Module._compile (module.js:449:26)
    at Object.Module._extensions..js (module.js:467:10)
    at Module.load (module.js:356:32)
    at Function.Module._load (module.js:312:12)
    at Module.runMain (module.js:492:10)
    at process.startup.processNextTick.process._tickCallback (node.js:244:9)
Forever detected script exited with code: 1
Forever restarting script for 105 time

/home/knoxville/koragh/packages/kbasegit/search/kbasesearchservice/app.js:16
var privateKey = fs.readFileSync(CONFIG.system.key).toString();
                                       ^
TypeError: Cannot read property 'system' of undefined
    at Object.<anonymous> (/home/knoxville/koragh/packages/kbasegit/search/kbasesearchservice/app.js:16:40)
    at Module._compile (module.js:449:26)
    at Object.Module._extensions..js (module.js:467:10)
    at Module.load (module.js:356:32)
    at Function.Module._load (module.js:312:12)
    at Module.runMain (module.js:492:10)
    at process.startup.processNextTick.process._tickCallback (node.js:244:9)
Forever detected script exited with code: 1
Forever restarting script for 106 time

/home/knoxville/koragh/packages/kbasegit/search/kbasesearchservice/app.js:16
var privateKey = fs.readFileSync(CONFIG.system.key).toString();
                                       ^
TypeError: Cannot read property 'system' of undefined
    at Object.<anonymous> (/home/knoxville/koragh/packages/kbasegit/search/kbasesearchservice/app.js:16:40)
    at Module._compile (module.js:449:26)
    at Object.Module._extensions..js (module.js:467:10)
    at Module.load (module.js:356:32)
    at Function.Module._load (module.js:312:12)
    at Module.runMain (module.js:492:10)
    at process.startup.processNextTick.process._tickCallback (node.js:244:9)
Forever detected script exited with code: 1
Forever restarting script for 107 time

/home/knoxville/koragh/packages/kbasegit/search/kbasesearchservice/app.js:16
var privateKey = fs.readFileSync(CONFIG.system.key).toString();
                                       ^
TypeError: Cannot read property 'system' of undefined
    at Object.<anonymous> (/home/knoxville/koragh/packages/kbasegit/search/kbasesearchservice/app.js:16:40)
    at Module._compile (module.js:449:26)
    at Object.Module._extensions..js (module.js:467:10)
    at Module.load (module.js:356:32)
    at Function.Module._load (module.js:312:12)
    at Module.runMain (module.js:492:10)
    at process.startup.processNextTick.process._tickCallback (node.js:244:9)
Forever detected script exited with code: 1
Forever restarting script for 108 time

/home/knoxville/koragh/packages/kbasegit/search/kbasesearchservice/app.js:16
var privateKey = fs.readFileSync(CONFIG.system.key).toString();
                                       ^
TypeError: Cannot read property 'system' of undefined
    at Object.<anonymous> (/home/knoxville/koragh/packages/kbasegit/search/kbasesearchservice/app.js:16:40)
    at Module._compile (module.js:449:26)
    at Object.Module._extensions..js (module.js:467:10)
    at Module.load (module.js:356:32)
    at Function.Module._load (module.js:312:12)
    at Module.runMain (module.js:492:10)
    at process.startup.processNextTick.process._tickCallback (node.js:244:9)
Forever detected script exited with code: 1
Forever restarting script for 109 time

/home/knoxville/koragh/packages/kbasegit/search/kbasesearchservice/app.js:16
var privateKey = fs.readFileSync(CONFIG.system.key).toString();
                                       ^
TypeError: Cannot read property 'system' of undefined
    at Object.<anonymous> (/home/knoxville/koragh/packages/kbasegit/search/kbasesearchservice/app.js:16:40)
    at Module._compile (module.js:449:26)
    at Object.Module._extensions..js (module.js:467:10)
    at Module.load (module.js:356:32)
    at Function.Module._load (module.js:312:12)
    at Module.runMain (module.js:492:10)
    at process.startup.processNextTick.process._tickCallback (node.js:244:9)
Forever detected script exited with code: 1
Forever restarting script for 110 time

/home/knoxville/koragh/packages/kbasegit/search/kbasesearchservice/app.js:16
var privateKey = fs.readFileSync(CONFIG.system.key).toString();
                                       ^
TypeError: Cannot read property 'system' of undefined
    at Object.<anonymous> (/home/knoxville/koragh/packages/kbasegit/search/kbasesearchservice/app.js:16:40)
    at Module._compile (module.js:449:26)
    at Object.Module._extensions..js (module.js:467:10)
    at Module.load (module.js:356:32)
    at Function.Module._load (module.js:312:12)
    at Module.runMain (module.js:492:10)
    at process.startup.processNextTick.process._tickCallback (node.js:244:9)
Forever detected script exited with code: 1
Forever restarting script for 111 time

/home/knoxville/koragh/packages/kbasegit/search/kbasesearchservice/app.js:16
var privateKey = fs.readFileSync(CONFIG.system.key).toString();
                                       ^
TypeError: Cannot read property 'system' of undefined
    at Object.<anonymous> (/home/knoxville/koragh/packages/kbasegit/search/kbasesearchservice/app.js:16:40)
    at Module._compile (module.js:449:26)
    at Object.Module._extensions..js (module.js:467:10)
    at Module.load (module.js:356:32)
    at Function.Module._load (module.js:312:12)
    at Module.runMain (module.js:492:10)
    at process.startup.processNextTick.process._tickCallback (node.js:244:9)
Forever detected script exited with code: 1
Forever restarting script for 112 time

/home/knoxville/koragh/packages/kbasegit/search/kbasesearchservice/app.js:16
var privateKey = fs.readFileSync(CONFIG.system.key).toString();
                                       ^
TypeError: Cannot read property 'system' of undefined
    at Object.<anonymous> (/home/knoxville/koragh/packages/kbasegit/search/kbasesearchservice/app.js:16:40)
    at Module._compile (module.js:449:26)
    at Object.Module._extensions..js (module.js:467:10)
    at Module.load (module.js:356:32)
    at Function.Module._load (module.js:312:12)
    at Module.runMain (module.js:492:10)
    at process.startup.processNextTick.process._tickCallback (node.js:244:9)
Forever detected script exited with code: 1
Forever restarting script for 113 time

/home/knoxville/koragh/packages/kbasegit/search/kbasesearchservice/app.js:16
var privateKey = fs.readFileSync(CONFIG.system.key).toString();
                                       ^
TypeError: Cannot read property 'system' of undefined
    at Object.<anonymous> (/home/knoxville/koragh/packages/kbasegit/search/kbasesearchservice/app.js:16:40)
    at Module._compile (module.js:449:26)
    at Object.Module._extensions..js (module.js:467:10)
    at Module.load (module.js:356:32)
    at Function.Module._load (module.js:312:12)
    at Module.runMain (module.js:492:10)
    at process.startup.processNextTick.process._tickCallback (node.js:244:9)
Forever detected script exited with code: 1
Forever restarting script for 114 time

/home/knoxville/koragh/packages/kbasegit/search/kbasesearchservice/app.js:16
var privateKey = fs.readFileSync(CONFIG.system.key).toString();
                                       ^
TypeError: Cannot read property 'system' of undefined
    at Object.<anonymous> (/home/knoxville/koragh/packages/kbasegit/search/kbasesearchservice/app.js:16:40)
    at Module._compile (module.js:449:26)
    at Object.Module._extensions..js (module.js:467:10)
    at Module.load (module.js:356:32)
    at Function.Module._load (module.js:312:12)
    at Module.runMain (module.js:492:10)
    at process.startup.processNextTick.process._tickCallback (node.js:244:9)
Forever detected script exited with code: 1
Forever restarting script for 115 time

/home/knoxville/koragh/packages/kbasegit/search/kbasesearchservice/app.js:16
var privateKey = fs.readFileSync(CONFIG.system.key).toString();
                                       ^
TypeError: Cannot read property 'system' of undefined
    at Object.<anonymous> (/home/knoxville/koragh/packages/kbasegit/search/kbasesearchservice/app.js:16:40)
    at Module._compile (module.js:449:26)
    at Object.Module._extensions..js (module.js:467:10)
    at Module.load (module.js:356:32)
    at Function.Module._load (module.js:312:12)
    at Module.runMain (module.js:492:10)
    at process.startup.processNextTick.process._tickCallback (node.js:244:9)
Forever detected script exited with code: 1
Forever restarting script for 116 time

/home/knoxville/koragh/packages/kbasegit/search/kbasesearchservice/app.js:16
var privateKey = fs.readFileSync(CONFIG.system.key).toString();
                                       ^
TypeError: Cannot read property 'system' of undefined
    at Object.<anonymous> (/home/knoxville/koragh/packages/kbasegit/search/kbasesearchservice/app.js:16:40)
    at Module._compile (module.js:449:26)
    at Object.Module._extensions..js (module.js:467:10)
    at Module.load (module.js:356:32)
    at Function.Module._load (module.js:312:12)
    at Module.runMain (module.js:492:10)
    at process.startup.processNextTick.process._tickCallback (node.js:244:9)
Forever detected script exited with code: 1
Forever restarting script for 117 time
